{"Time":"2019-2-4 12:10:57","clientid":"http-waveform","level":"info","message":"connected"}
{"Time":"2019-2-4 12:11:00","clientid":["dj-office"],"level":"info","message":"connected"}
{"Time":"2019-2-4 12:11:01","clientid":"http-soundlist","level":"info","message":"connected"}
{"Time":"2019-2-4 12:11:01","clientid":"http-floorplan","level":"info","message":"connected"}
{"Time":"2019-2-4 12:11:08","Location":["dj-office"],"Event":"Low","duration":"0.5s","level":"info","message":"sound event"}
{"Time":"2019-2-4 12:11:28","clientid":["dj-office"],"level":"info","message":"disconnected"}
{"Time":"2019-2-4 12:11:30","clientid":["dj-office"],"level":"info","message":"connected"}
{"Time":"2019-2-4 12:12:55","Location":["dj-office"],"Event":"Low","duration":"0.75s","level":"info","message":"sound event"}
{"Time":"2019-2-4 12:13:05","Location":["dj-office"],"Event":"Low","duration":"2.75s","level":"info","message":"sound event"}
{"Time":"2019-2-4 12:13:41","clientid":"http-soundlist","level":"info","message":"disconnected"}
{"Time":"2019-2-4 12:13:41","clientid":"http-floorplan","level":"info","message":"disconnected"}
{"Time":"2019-2-4 12:13:41","clientid":"http-waveform","level":"info","message":"disconnected"}
{"Time":"2019-2-4 12:13:41","clientid":"http-floorplan","level":"info","message":"connected"}
{"Time":"2019-2-4 12:13:41","clientid":"http-soundlist","level":"info","message":"connected"}
{"Time":"2019-2-4 12:13:41","clientid":"http-waveform","level":"info","message":"connected"}
{"Time":"2019-2-4 12:14:03","clientid":"http-soundlist","level":"info","message":"disconnected"}
{"Time":"2019-2-4 12:14:03","clientid":"http-floorplan","level":"info","message":"disconnected"}
{"Time":"2019-2-4 12:14:03","clientid":"http-waveform","level":"info","message":"disconnected"}
{"Time":"2019-2-4 12:14:04","clientid":"http-floorplan","level":"info","message":"connected"}
{"Time":"2019-2-4 12:14:04","clientid":"http-soundlist","level":"info","message":"connected"}
{"Time":"2019-2-4 12:14:04","clientid":"http-waveform","level":"info","message":"connected"}
{"Time":"2019-2-4 12:14:18","Location":["dj-office"],"Event":"Low","duration":"0.5s","level":"info","message":"sound event"}
{"Time":"2019-2-4 12:14:36","clientid":"http-soundlist","level":"info","message":"disconnected"}
{"Time":"2019-2-4 12:14:36","clientid":"http-floorplan","level":"info","message":"disconnected"}
{"Time":"2019-2-4 12:14:36","clientid":"http-waveform","level":"info","message":"disconnected"}
{"Time":"2019-2-4 12:14:37","clientid":"http-floorplan","level":"info","message":"connected"}
{"Time":"2019-2-4 12:14:37","clientid":"http-soundlist","level":"info","message":"connected"}
{"Time":"2019-2-4 12:14:37","clientid":"http-waveform","level":"info","message":"connected"}
{"Time":"2019-2-4 12:14:50","clientid":"http-soundlist","level":"info","message":"disconnected"}
{"Time":"2019-2-4 12:14:50","clientid":"http-floorplan","level":"info","message":"disconnected"}
{"Time":"2019-2-4 12:14:50","clientid":"http-waveform","level":"info","message":"disconnected"}
{"Time":"2019-2-4 12:14:51","clientid":"http-floorplan","level":"info","message":"connected"}
{"Time":"2019-2-4 12:14:51","clientid":"http-soundlist","level":"info","message":"connected"}
{"Time":"2019-2-4 12:14:51","clientid":"http-waveform","level":"info","message":"connected"}
{"Time":"2019-2-4 12:14:56","Location":["dj-office"],"Event":"Low","duration":"0.5s","level":"info","message":"sound event"}
{"Time":"2019-2-4 12:18:39","Location":["dj-office"],"Event":"Low","duration":"0.25s","level":"info","message":"sound event"}
{"Time":"2019-2-4 12:21:11","clientid":"http-soundlist","level":"info","message":"disconnected"}
{"Time":"2019-2-4 12:21:11","clientid":"http-floorplan","level":"info","message":"disconnected"}
{"Time":"2019-2-4 12:21:11","clientid":"http-waveform","level":"info","message":"disconnected"}
{"Time":"2019-2-4 12:21:12","clientid":"http-floorplan","level":"info","message":"connected"}
{"Time":"2019-2-4 12:21:12","clientid":"http-soundlist","level":"info","message":"connected"}
{"Time":"2019-2-4 12:21:12","clientid":"http-waveform","level":"info","message":"connected"}
{"Time":"2019-2-4 12:22:04","clientid":"http-soundlist","level":"info","message":"disconnected"}
{"Time":"2019-2-4 12:22:04","clientid":"http-floorplan","level":"info","message":"disconnected"}
{"Time":"2019-2-4 12:22:04","clientid":"http-waveform","level":"info","message":"disconnected"}
{"Time":"2019-2-4 12:22:04","clientid":"http-floorplan","level":"info","message":"connected"}
{"Time":"2019-2-4 12:22:04","clientid":"http-soundlist","level":"info","message":"connected"}
{"Time":"2019-2-4 12:22:04","clientid":"http-waveform","level":"info","message":"connected"}
{"Time":"2019-2-4 12:25:06","Location":["dj-office"],"Event":"Low","duration":"0.25s","level":"info","message":"sound event"}
{"Time":"2019-2-4 12:27:28","clientid":"http-soundlist","level":"info","message":"disconnected"}
{"Time":"2019-2-4 12:27:28","clientid":"http-floorplan","level":"info","message":"disconnected"}
{"Time":"2019-2-4 12:27:28","clientid":"http-waveform","level":"info","message":"disconnected"}
{"Time":"2019-2-4 12:27:29","clientid":"http-floorplan","level":"info","message":"connected"}
{"Time":"2019-2-4 12:27:29","clientid":"http-soundlist","level":"info","message":"connected"}
{"Time":"2019-2-4 12:27:29","clientid":"http-waveform","level":"info","message":"connected"}
{"Time":"2019-2-4 12:28:08","clientid":"http-soundlist","level":"info","message":"disconnected"}
{"Time":"2019-2-4 12:28:08","clientid":"http-floorplan","level":"info","message":"disconnected"}
{"Time":"2019-2-4 12:28:08","clientid":"http-waveform","level":"info","message":"disconnected"}
{"Time":"2019-2-4 12:28:09","clientid":"http-floorplan","level":"info","message":"connected"}
{"Time":"2019-2-4 12:28:09","clientid":"http-soundlist","level":"info","message":"connected"}
{"Time":"2019-2-4 12:28:09","clientid":"http-waveform","level":"info","message":"connected"}
{"Time":"2019-2-4 12:28:29","clientid":"http-soundlist","level":"info","message":"disconnected"}
{"Time":"2019-2-4 12:28:29","clientid":"http-floorplan","level":"info","message":"disconnected"}
{"Time":"2019-2-4 12:28:29","clientid":"http-waveform","level":"info","message":"disconnected"}
{"Time":"2019-2-4 12:28:30","clientid":"http-floorplan","level":"info","message":"connected"}
{"Time":"2019-2-4 12:28:30","clientid":"http-soundlist","level":"info","message":"connected"}
{"Time":"2019-2-4 12:28:30","clientid":"http-waveform","level":"info","message":"connected"}
{"Time":"2019-2-4 12:28:44","clientid":"http-soundlist","level":"info","message":"disconnected"}
{"Time":"2019-2-4 12:28:44","clientid":"http-floorplan","level":"info","message":"disconnected"}
{"Time":"2019-2-4 12:28:44","clientid":"http-waveform","level":"info","message":"disconnected"}
{"Time":"2019-2-4 12:28:44","clientid":"http-floorplan","level":"info","message":"connected"}
{"Time":"2019-2-4 12:28:44","clientid":"http-soundlist","level":"info","message":"connected"}
{"Time":"2019-2-4 12:28:44","clientid":"http-waveform","level":"info","message":"connected"}
{"Time":"2019-2-4 12:28:50","clientid":"http-soundlist","level":"info","message":"disconnected"}
{"Time":"2019-2-4 12:28:50","clientid":"http-floorplan","level":"info","message":"disconnected"}
{"Time":"2019-2-4 12:28:50","clientid":"http-waveform","level":"info","message":"disconnected"}
{"Time":"2019-2-4 12:28:51","clientid":"http-floorplan","level":"info","message":"connected"}
{"Time":"2019-2-4 12:28:51","clientid":"http-soundlist","level":"info","message":"connected"}
{"Time":"2019-2-4 12:28:51","clientid":"http-waveform","level":"info","message":"connected"}
{"Time":"2019-2-4 12:29:06","clientid":"http-soundlist","level":"info","message":"disconnected"}
{"Time":"2019-2-4 12:29:06","clientid":"http-floorplan","level":"info","message":"disconnected"}
{"Time":"2019-2-4 12:29:06","clientid":"http-waveform","level":"info","message":"disconnected"}
{"Time":"2019-2-4 12:29:06","clientid":"http-floorplan","level":"info","message":"connected"}
{"Time":"2019-2-4 12:29:06","clientid":"http-soundlist","level":"info","message":"connected"}
{"Time":"2019-2-4 12:29:06","clientid":"http-waveform","level":"info","message":"connected"}
{"Time":"2019-2-4 12:29:13","clientid":"http-soundlist","level":"info","message":"disconnected"}
{"Time":"2019-2-4 12:29:13","clientid":"http-floorplan","level":"info","message":"disconnected"}
{"Time":"2019-2-4 12:29:13","clientid":"http-waveform","level":"info","message":"disconnected"}
{"Time":"2019-2-4 12:29:13","clientid":"http-floorplan","level":"info","message":"connected"}
{"Time":"2019-2-4 12:29:13","clientid":"http-soundlist","level":"info","message":"connected"}
{"Time":"2019-2-4 12:29:13","clientid":"http-waveform","level":"info","message":"connected"}
{"Time":"2019-2-4 12:29:26","clientid":"http-soundlist","level":"info","message":"disconnected"}
{"Time":"2019-2-4 12:29:26","clientid":"http-floorplan","level":"info","message":"disconnected"}
{"Time":"2019-2-4 12:29:26","clientid":"http-waveform","level":"info","message":"disconnected"}
{"Time":"2019-2-4 12:29:26","clientid":"http-floorplan","level":"info","message":"connected"}
{"Time":"2019-2-4 12:29:26","clientid":"http-soundlist","level":"info","message":"connected"}
{"Time":"2019-2-4 12:29:26","clientid":"http-waveform","level":"info","message":"connected"}
{"Time":"2019-2-4 12:29:34","clientid":"http-soundlist","level":"info","message":"disconnected"}
{"Time":"2019-2-4 12:29:34","clientid":"http-floorplan","level":"info","message":"disconnected"}
{"Time":"2019-2-4 12:29:34","clientid":"http-waveform","level":"info","message":"disconnected"}
{"Time":"2019-2-4 12:29:34","clientid":"http-floorplan","level":"info","message":"connected"}
{"Time":"2019-2-4 12:29:34","clientid":"http-soundlist","level":"info","message":"connected"}
{"Time":"2019-2-4 12:29:34","clientid":"http-waveform","level":"info","message":"connected"}
{"Time":"2019-2-4 12:30:46","clientid":"http-soundlist","level":"info","message":"disconnected"}
{"Time":"2019-2-4 12:30:46","clientid":"http-floorplan","level":"info","message":"disconnected"}
{"Time":"2019-2-4 12:30:46","clientid":"http-waveform","level":"info","message":"disconnected"}
{"Time":"2019-2-4 12:30:46","clientid":"http-floorplan","level":"info","message":"connected"}
{"Time":"2019-2-4 12:30:46","clientid":"http-soundlist","level":"info","message":"connected"}
{"Time":"2019-2-4 12:30:46","clientid":"http-waveform","level":"info","message":"connected"}
{"Time":"2019-2-4 12:31:22","clientid":"http-soundlist","level":"info","message":"disconnected"}
{"Time":"2019-2-4 12:31:22","clientid":"http-floorplan","level":"info","message":"disconnected"}
{"Time":"2019-2-4 12:31:22","clientid":"http-waveform","level":"info","message":"disconnected"}
{"Time":"2019-2-4 12:31:22","clientid":"http-floorplan","level":"info","message":"connected"}
{"Time":"2019-2-4 12:31:22","clientid":"http-soundlist","level":"info","message":"connected"}
{"Time":"2019-2-4 12:31:22","clientid":"http-waveform","level":"info","message":"connected"}
{"Time":"2019-2-4 12:32:59","Location":["dj-office"],"Event":"Low","duration":"0.25s","level":"info","message":"sound event"}
{"Time":"2019-2-4 12:33:29","clientid":"http-soundlist","level":"info","message":"disconnected"}
{"Time":"2019-2-4 12:33:29","clientid":"http-floorplan","level":"info","message":"disconnected"}
{"Time":"2019-2-4 12:33:29","clientid":"http-waveform","level":"info","message":"disconnected"}
{"Time":"2019-2-4 12:33:30","clientid":"http-floorplan","level":"info","message":"connected"}
{"Time":"2019-2-4 12:33:30","clientid":"http-soundlist","level":"info","message":"connected"}
{"Time":"2019-2-4 12:33:30","clientid":"http-waveform","level":"info","message":"connected"}
{"Time":"2019-2-4 12:33:46","clientid":"http-soundlist","level":"info","message":"disconnected"}
{"Time":"2019-2-4 12:33:46","clientid":"http-floorplan","level":"info","message":"disconnected"}
{"Time":"2019-2-4 12:33:46","clientid":"http-waveform","level":"info","message":"disconnected"}
{"Time":"2019-2-4 12:33:46","clientid":"http-floorplan","level":"info","message":"connected"}
{"Time":"2019-2-4 12:33:46","clientid":"http-soundlist","level":"info","message":"connected"}
{"Time":"2019-2-4 12:33:46","clientid":"http-waveform","level":"info","message":"connected"}
{"Time":"2019-2-4 12:34:30","clientid":"http-soundlist","level":"info","message":"disconnected"}
{"Time":"2019-2-4 12:34:30","clientid":"http-floorplan","level":"info","message":"disconnected"}
{"Time":"2019-2-4 12:34:30","clientid":"http-waveform","level":"info","message":"disconnected"}
{"Time":"2019-2-4 12:34:30","clientid":"http-floorplan","level":"info","message":"connected"}
{"Time":"2019-2-4 12:34:30","clientid":"http-soundlist","level":"info","message":"connected"}
{"Time":"2019-2-4 12:34:31","clientid":"http-waveform","level":"info","message":"connected"}
{"Time":"2019-2-4 12:34:46","clientid":"http-soundlist","level":"info","message":"disconnected"}
{"Time":"2019-2-4 12:34:46","clientid":"http-floorplan","level":"info","message":"disconnected"}
{"Time":"2019-2-4 12:34:46","clientid":"http-waveform","level":"info","message":"disconnected"}
{"Time":"2019-2-4 12:34:47","clientid":"http-floorplan","level":"info","message":"connected"}
{"Time":"2019-2-4 12:34:47","clientid":"http-soundlist","level":"info","message":"connected"}
{"Time":"2019-2-4 12:34:47","clientid":"http-waveform","level":"info","message":"connected"}
{"Time":"2019-2-4 12:35:36","clientid":"http-soundlist","level":"info","message":"disconnected"}
{"Time":"2019-2-4 12:35:36","clientid":"http-floorplan","level":"info","message":"disconnected"}
{"Time":"2019-2-4 12:35:36","clientid":"http-waveform","level":"info","message":"disconnected"}
{"Time":"2019-2-4 12:35:37","clientid":"http-floorplan","level":"info","message":"connected"}
{"Time":"2019-2-4 12:35:37","clientid":"http-soundlist","level":"info","message":"connected"}
{"Time":"2019-2-4 12:35:37","clientid":"http-waveform","level":"info","message":"connected"}
{"Time":"2019-2-4 12:36:19","clientid":"http-soundlist","level":"info","message":"disconnected"}
{"Time":"2019-2-4 12:36:19","clientid":"http-floorplan","level":"info","message":"disconnected"}
{"Time":"2019-2-4 12:36:19","clientid":"http-waveform","level":"info","message":"disconnected"}
{"Time":"2019-2-4 12:36:20","clientid":"http-floorplan","level":"info","message":"connected"}
{"Time":"2019-2-4 12:36:20","clientid":"http-soundlist","level":"info","message":"connected"}
{"Time":"2019-2-4 12:36:20","clientid":"http-waveform","level":"info","message":"connected"}
{"Time":"2019-2-4 12:36:34","clientid":"http-soundlist","level":"info","message":"disconnected"}
{"Time":"2019-2-4 12:36:34","clientid":"http-floorplan","level":"info","message":"disconnected"}
{"Time":"2019-2-4 12:36:34","clientid":"http-waveform","level":"info","message":"disconnected"}
{"Time":"2019-2-4 12:36:34","clientid":"http-floorplan","level":"info","message":"connected"}
{"Time":"2019-2-4 12:36:34","clientid":"http-soundlist","level":"info","message":"connected"}
{"Time":"2019-2-4 12:36:34","clientid":"http-waveform","level":"info","message":"connected"}
{"Time":"2019-2-4 12:37:14","clientid":"http-soundlist","level":"info","message":"disconnected"}
{"Time":"2019-2-4 12:37:14","clientid":"http-floorplan","level":"info","message":"disconnected"}
{"Time":"2019-2-4 12:37:14","clientid":"http-waveform","level":"info","message":"disconnected"}
{"Time":"2019-2-4 12:37:15","clientid":"http-floorplan","level":"info","message":"connected"}
{"Time":"2019-2-4 12:37:15","clientid":"http-soundlist","level":"info","message":"connected"}
{"Time":"2019-2-4 12:37:15","clientid":"http-waveform","level":"info","message":"connected"}
{"Time":"2019-2-4 12:38:24","clientid":"http-soundlist","level":"info","message":"disconnected"}
{"Time":"2019-2-4 12:38:24","clientid":"http-floorplan","level":"info","message":"disconnected"}
{"Time":"2019-2-4 12:38:24","clientid":"http-waveform","level":"info","message":"disconnected"}
{"Time":"2019-2-4 12:38:25","clientid":"http-floorplan","level":"info","message":"connected"}
{"Time":"2019-2-4 12:38:25","clientid":"http-soundlist","level":"info","message":"connected"}
{"Time":"2019-2-4 12:38:25","clientid":"http-waveform","level":"info","message":"connected"}
{"Time":"2019-2-4 12:45:31","Location":["dj-office"],"Event":"Low","duration":"0.25s","level":"info","message":"sound event"}
{"Time":"2019-2-4 12:45:35","clientid":"http-soundlist","level":"info","message":"disconnected"}
{"Time":"2019-2-4 12:45:35","clientid":"http-floorplan","level":"info","message":"disconnected"}
{"Time":"2019-2-4 12:45:35","clientid":"http-waveform","level":"info","message":"disconnected"}
{"Time":"2019-2-4 12:45:36","clientid":"http-floorplan","level":"info","message":"connected"}
{"Time":"2019-2-4 12:45:36","clientid":"http-soundlist","level":"info","message":"connected"}
{"Time":"2019-2-4 12:45:36","clientid":"http-waveform","level":"info","message":"connected"}
{"Time":"2019-2-4 12:45:37","Location":["dj-office"],"Event":"Low","duration":"0.25s","level":"info","message":"sound event"}
{"Time":"2019-2-4 12:45:41","Location":["dj-office"],"Event":"Low","duration":"0.25s","level":"info","message":"sound event"}
{"Time":"2019-2-4 12:45:42","Location":["dj-office"],"Event":"Low","duration":"0.25s","level":"info","message":"sound event"}
{"Time":"2019-2-4 12:47:38","clientid":"http-soundlist","level":"info","message":"disconnected"}
{"Time":"2019-2-4 12:47:38","clientid":"http-floorplan","level":"info","message":"disconnected"}
{"Time":"2019-2-4 12:47:38","clientid":"http-waveform","level":"info","message":"disconnected"}
{"Time":"2019-2-4 12:47:39","clientid":"http-floorplan","level":"info","message":"connected"}
{"Time":"2019-2-4 12:47:39","clientid":"http-soundlist","level":"info","message":"connected"}
{"Time":"2019-2-4 12:47:39","clientid":"http-waveform","level":"info","message":"connected"}
{"Time":"2019-2-4 12:47:42","Location":["dj-office"],"Event":"Low","duration":"0.5s","level":"info","message":"sound event"}
{"Time":"2019-2-4 12:48:27","Location":["dj-office"],"Event":"Low","duration":"0.25s","level":"info","message":"sound event"}
{"Time":"2019-2-4 12:48:33","Location":["dj-office"],"Event":"Low","duration":"0.25s","level":"info","message":"sound event"}
{"Time":"2019-2-4 12:49:02","clientid":"http-soundlist","level":"info","message":"disconnected"}
{"Time":"2019-2-4 12:49:02","clientid":"http-floorplan","level":"info","message":"disconnected"}
{"Time":"2019-2-4 12:49:02","clientid":"http-waveform","level":"info","message":"disconnected"}
{"Time":"2019-2-4 12:49:02","clientid":"http-floorplan","level":"info","message":"connected"}
{"Time":"2019-2-4 12:49:02","clientid":"http-soundlist","level":"info","message":"connected"}
{"Time":"2019-2-4 12:49:02","clientid":"http-waveform","level":"info","message":"connected"}
{"Time":"2019-2-4 12:49:04","Location":["dj-office"],"Event":"Low","duration":"0.25s","level":"info","message":"sound event"}
{"Time":"2019-2-4 12:52:01","clientid":["dj-office"],"level":"info","message":"disconnected"}
{"Time":"2019-2-4 12:52:04","clientid":["dj-office"],"level":"info","message":"connected"}
{"Time":"2019-2-4 12:55:19","clientid":["dj-office"],"level":"info","message":"disconnected"}
{"Time":"2019-2-4 12:55:22","clientid":["dj-office"],"level":"info","message":"connected"}
{"Time":"2019-2-4 12:56:33","clientid":"http-soundlist","level":"info","message":"connected"}
{"Time":"2019-2-4 12:56:33","clientid":"http-waveform","level":"info","message":"connected"}
{"Time":"2019-2-4 12:56:35","clientid":"http-floorplan","level":"info","message":"connected"}
{"Time":"2019-2-4 12:56:46","clientid":["dj-office"],"level":"info","message":"connected"}
{"Time":"2019-2-4 12:56:58","clientid":"http-floorplan","level":"info","message":"connected"}
{"Time":"2019-2-4 12:56:58","clientid":"http-soundlist","level":"info","message":"connected"}
{"Time":"2019-2-4 12:56:58","clientid":"http-waveform","level":"info","message":"connected"}
{"Time":"2019-2-4 12:56:58","clientid":["dj-office"],"level":"info","message":"connected"}
{"Time":"2019-2-4 12:57:11","clientid":"http-floorplan","level":"info","message":"connected"}
{"Time":"2019-2-4 12:57:11","clientid":"http-waveform","level":"info","message":"connected"}
{"Time":"2019-2-4 12:57:11","clientid":"http-soundlist","level":"info","message":"connected"}
{"Time":"2019-2-4 12:57:14","clientid":["dj-office"],"level":"info","message":"connected"}
{"Time":"2019-2-4 12:57:16","clientid":["dj-office"],"level":"info","message":"disconnected"}
{"Time":"2019-2-4 12:57:17","clientid":["dj-office"],"level":"info","message":"connected"}
{"Time":"2019-2-4 12:58:39","clientid":"http-soundlist","level":"info","message":"connected"}
{"Time":"2019-2-4 12:58:39","clientid":"http-waveform","level":"info","message":"connected"}
{"Time":"2019-2-4 12:58:41","clientid":"http-floorplan","level":"info","message":"connected"}
{"Time":"2019-2-4 12:58:47","clientid":["dj-office"],"level":"info","message":"connected"}
{"Time":"2019-2-4 13:02:42","clientid":["dj-office"],"level":"info","message":"disconnected"}
{"Time":"2019-2-4 13:02:43","clientid":["dj-office"],"level":"info","message":"connected"}
{"Time":"2019-2-4 13:02:48","clientid":["dj-office"],"level":"info","message":"disconnected"}
{"Time":"2019-2-4 13:02:51","clientid":["dj-office"],"level":"info","message":"connected"}
{"Time":"2019-2-4 13:02:52","clientid":["dj-office"],"level":"info","message":"disconnected"}
{"Time":"2019-2-4 13:02:54","clientid":["dj-office"],"level":"info","message":"connected"}
{"Time":"2019-2-4 13:02:59","clientid":"http-soundlist","level":"info","message":"connected"}
{"Time":"2019-2-4 13:02:59","clientid":"http-waveform","level":"info","message":"connected"}
{"Time":"2019-2-4 13:02:59","clientid":"http-floorplan","level":"info","message":"connected"}
{"Time":"2019-2-4 13:02:59","clientid":["dj-office"],"level":"info","message":"connected"}
{"Time":"2019-2-4 13:06:52","clientid":["dj-office"],"level":"info","message":"disconnected"}
{"Time":"2019-2-4 13:06:53","clientid":["dj-office"],"level":"info","message":"connected"}
{"Time":"2019-2-4 13:06:57","clientid":["dj-office"],"level":"info","message":"connected"}
{"Time":"2019-2-4 13:06:57","clientid":"http-waveform","level":"info","message":"connected"}
{"Time":"2019-2-4 13:06:58","clientid":"http-soundlist","level":"info","message":"connected"}
{"Time":"2019-2-4 13:06:58","clientid":"http-floorplan","level":"info","message":"connected"}
{"Time":"2019-2-4 13:09:55","clientid":["dj-office"],"level":"info","message":"disconnected"}
{"Time":"2019-2-4 13:10:01","clientid":["dj-office"],"level":"info","message":"connected"}
{"Time":"2019-2-4 13:13:33","Location":["dj-office"],"Event":"Low","duration":"0.25s","level":"info","message":"sound event"}
{"Time":"2019-2-4 13:14:38","clientid":["dj-office"],"level":"info","message":"disconnected"}
{"Time":"2019-2-4 13:14:50","clientid":["dj-office"],"level":"info","message":"connected"}
{"Time":"2019-2-4 13:15:03","clientid":["dj-office"],"level":"info","message":"disconnected"}
{"Time":"2019-2-4 13:15:11","clientid":["dj-office"],"level":"info","message":"connected"}
{"Time":"2019-2-4 13:15:19","clientid":"http-soundlist","level":"info","message":"connected"}
{"Time":"2019-2-4 13:15:19","clientid":"http-waveform","level":"info","message":"connected"}
{"Time":"2019-2-4 13:15:19","clientid":"http-floorplan","level":"info","message":"connected"}
{"Time":"2019-2-4 13:15:19","clientid":["dj-office"],"level":"info","message":"connected"}
{"Time":"2019-2-4 13:15:21","clientid":"http-floorplan","level":"info","message":"connected"}
{"Time":"2019-2-4 13:15:21","clientid":"http-waveform","level":"info","message":"connected"}
{"Time":"2019-2-4 13:15:21","clientid":["dj-office"],"level":"info","message":"connected"}
{"Time":"2019-2-4 13:15:21","clientid":"http-soundlist","level":"info","message":"connected"}
{"Time":"2019-2-4 13:15:23","clientid":"http-floorplan","level":"info","message":"connected"}
{"Time":"2019-2-4 13:15:23","clientid":"http-waveform","level":"info","message":"connected"}
{"Time":"2019-2-4 13:15:23","clientid":"http-soundlist","level":"info","message":"connected"}
{"Time":"2019-2-4 13:15:23","clientid":["dj-office"],"level":"info","message":"connected"}
{"Time":"2019-2-4 13:15:29","clientid":"http-soundlist","level":"info","message":"connected"}
{"Time":"2019-2-4 13:15:29","clientid":"http-waveform","level":"info","message":"connected"}
{"Time":"2019-2-4 13:15:29","clientid":["dj-office"],"level":"info","message":"connected"}
{"Time":"2019-2-4 13:15:30","clientid":"http-floorplan","level":"info","message":"connected"}
{"Time":"2019-2-4 13:15:39","clientid":"http-floorplan","level":"info","message":"connected"}
{"Time":"2019-2-4 13:15:40","clientid":"http-waveform","level":"info","message":"connected"}
{"Time":"2019-2-4 13:15:40","clientid":"http-soundlist","level":"info","message":"connected"}
{"Time":"2019-2-4 13:15:40","clientid":["dj-office"],"level":"info","message":"connected"}
{"Time":"2019-2-4 13:15:57","clientid":["dj-office"],"level":"info","message":"connected"}
{"Time":"2019-2-4 13:15:57","clientid":"http-waveform","level":"info","message":"connected"}
{"Time":"2019-2-4 13:15:58","clientid":"http-soundlist","level":"info","message":"connected"}
{"Time":"2019-2-4 13:15:59","clientid":"http-floorplan","level":"info","message":"connected"}
{"Time":"2019-2-4 13:16:06","Location":["dj-office"],"Event":"Low","duration":"1.75s","level":"info","message":"sound event"}
{"Time":"2019-2-4 13:16:16","Location":["dj-office"],"Event":"Low","duration":"1.75s","level":"info","message":"sound event"}
{"Time":"2019-2-4 13:16:32","Location":["dj-office"],"Event":"Low","duration":"1.75s","level":"info","message":"sound event"}
{"Time":"2019-2-4 13:16:43","clientid":["dj-office"],"level":"info","message":"disconnected"}
{"Time":"2019-2-4 13:16:44","clientid":["dj-office"],"level":"info","message":"connected"}
{"Time":"2019-2-4 13:17:32","clientid":"http-floorplan","level":"info","message":"connected"}
{"Time":"2019-2-4 13:17:33","clientid":["dj-office"],"level":"info","message":"connected"}
{"Time":"2019-2-4 13:17:33","clientid":"http-waveform","level":"info","message":"connected"}
{"Time":"2019-2-4 13:17:33","clientid":"http-soundlist","level":"info","message":"connected"}
{"Time":"2019-2-4 13:18:43","clientid":["dj-office"],"level":"info","message":"disconnected"}
{"Time":"2019-2-4 13:18:44","clientid":["dj-office"],"level":"info","message":"connected"}
{"Time":"2019-2-4 13:18:48","clientid":["dj-office"],"level":"info","message":"connected"}
{"Time":"2019-2-4 13:18:48","clientid":"http-floorplan","level":"info","message":"connected"}
{"Time":"2019-2-4 13:18:48","clientid":"http-waveform","level":"info","message":"connected"}
{"Time":"2019-2-4 13:18:48","clientid":"http-soundlist","level":"info","message":"connected"}
{"Time":"2019-2-4 13:18:51","clientid":"http-waveform","level":"info","message":"connected"}
{"Time":"2019-2-4 13:18:51","clientid":"http-soundlist","level":"info","message":"connected"}
{"Time":"2019-2-4 13:18:51","clientid":"http-floorplan","level":"info","message":"connected"}
{"Time":"2019-2-4 13:18:51","clientid":["dj-office"],"level":"info","message":"connected"}
{"Time":"2019-2-4 13:18:57","clientid":["dj-office"],"level":"info","message":"connected"}
{"Time":"2019-2-4 13:18:57","clientid":"http-waveform","level":"info","message":"connected"}
{"Time":"2019-2-4 13:18:58","clientid":"http-soundlist","level":"info","message":"connected"}
{"Time":"2019-2-4 13:18:58","clientid":"http-floorplan","level":"info","message":"connected"}
{"Time":"2019-2-4 13:19:02","clientid":"http-waveform","level":"info","message":"connected"}
{"Time":"2019-2-4 13:19:02","clientid":"http-floorplan","level":"info","message":"connected"}
{"Time":"2019-2-4 13:19:02","clientid":"http-soundlist","level":"info","message":"connected"}
{"Time":"2019-2-4 13:19:02","clientid":["dj-office"],"level":"info","message":"connected"}
{"Time":"2019-2-4 13:19:11","clientid":"http-waveform","level":"info","message":"connected"}
{"Time":"2019-2-4 13:19:11","clientid":"http-soundlist","level":"info","message":"connected"}
{"Time":"2019-2-4 13:19:12","clientid":["dj-office"],"level":"info","message":"connected"}
{"Time":"2019-2-4 13:19:14","clientid":"http-floorplan","level":"info","message":"connected"}
{"Time":"2019-2-4 13:19:46","clientid":["dj-office"],"level":"info","message":"connected"}
{"Time":"2019-2-4 13:19:46","clientid":"http-floorplan","level":"info","message":"connected"}
{"Time":"2019-2-4 13:19:46","clientid":"http-soundlist","level":"info","message":"connected"}
{"Time":"2019-2-4 13:19:47","clientid":"http-waveform","level":"info","message":"connected"}
{"Time":"2019-2-4 13:19:48","Location":["dj-office"],"Event":"Low","duration":"1.75s","level":"info","message":"sound event"}
{"Time":"2019-2-4 13:19:52","clientid":"http-soundlist","level":"info","message":"connected"}
{"Time":"2019-2-4 13:19:52","clientid":"http-waveform","level":"info","message":"connected"}
{"Time":"2019-2-4 13:19:52","clientid":"http-floorplan","level":"info","message":"connected"}
{"Time":"2019-2-4 13:19:52","clientid":["dj-office"],"level":"info","message":"connected"}
{"Time":"2019-2-4 13:20:17","Location":["dj-office"],"Event":"Low","duration":"4s","level":"info","message":"sound event"}
{"Time":"2019-2-4 13:20:52","Location":["dj-office"],"Event":"Low","duration":"2s","level":"info","message":"sound event"}
{"Time":"2019-2-4 13:22:05","clientid":["dj-office"],"level":"info","message":"disconnected"}
{"Time":"2019-2-4 13:22:11","clientid":["dj-office"],"level":"info","message":"connected"}
{"Time":"2019-2-4 13:22:39","clientid":"http-soundlist","level":"info","message":"connected"}
{"Time":"2019-2-4 13:22:40","clientid":"http-floorplan","level":"info","message":"connected"}
{"Time":"2019-2-4 13:22:40","clientid":["dj-office"],"level":"info","message":"connected"}
{"Time":"2019-2-4 13:22:41","clientid":"http-waveform","level":"info","message":"connected"}
{"Time":"2019-2-4 13:22:53","clientid":"http-soundlist","level":"info","message":"connected"}
{"Time":"2019-2-4 13:22:54","clientid":["dj-office"],"level":"info","message":"connected"}
{"Time":"2019-2-4 13:22:54","clientid":"http-floorplan","level":"info","message":"connected"}
{"Time":"2019-2-4 13:22:55","clientid":"http-waveform","level":"info","message":"connected"}
{"Time":"2019-2-4 13:23:06","clientid":"http-waveform","level":"info","message":"connected"}
{"Time":"2019-2-4 13:23:07","clientid":"http-soundlist","level":"info","message":"connected"}
{"Time":"2019-2-4 13:23:07","clientid":"http-floorplan","level":"info","message":"connected"}
{"Time":"2019-2-4 13:23:07","clientid":["dj-office"],"level":"info","message":"connected"}
{"Time":"2019-2-4 13:23:31","clientid":"http-waveform","level":"info","message":"connected"}
{"Time":"2019-2-4 13:23:31","clientid":"http-soundlist","level":"info","message":"connected"}
{"Time":"2019-2-4 13:23:33","clientid":"http-floorplan","level":"info","message":"connected"}
{"Time":"2019-2-4 13:23:33","clientid":["dj-office"],"level":"info","message":"connected"}
{"Time":"2019-2-4 13:25:19","clientid":["dj-office"],"level":"info","message":"disconnected"}
{"Time":"2019-2-4 13:25:41","clientid":["dj-office"],"level":"info","message":"connected"}
{"Time":"2019-2-4 13:28:01","clientid":["dj-office"],"level":"info","message":"disconnected"}
{"Time":"2019-2-4 13:28:33","clientid":"http","level":"info","message":"disconnected"}
{"Time":"2019-2-4 13:42:56","clientid":["dj-office"],"level":"info","message":"connected"}
{"Time":"2019-2-4 13:44:13","clientid":["dj-office"],"level":"info","message":"connected"}
{"Time":"2019-2-4 13:44:25","clientid":["dj-office"],"level":"info","message":"connected"}
{"Time":"2019-2-4 13:44:26","clientid":"http-soundlist","level":"info","message":"connected"}
{"Time":"2019-2-4 13:44:26","clientid":"http-waveform","level":"info","message":"connected"}
{"Time":"2019-2-4 13:44:26","clientid":"http-floorplan","level":"info","message":"connected"}
{"Time":"2019-2-4 13:45:18","clientid":"http-soundlist","level":"info","message":"connected"}
{"Time":"2019-2-4 13:45:19","clientid":"http-waveform","level":"info","message":"connected"}
{"Time":"2019-2-4 13:45:22","clientid":"http-floorplan","level":"info","message":"connected"}
{"Time":"2019-2-4 13:45:24","clientid":["dj-office"],"level":"info","message":"connected"}
{"Time":"2019-2-4 13:45:32","clientid":"http-soundlist","level":"info","message":"connected"}
{"Time":"2019-2-4 13:45:32","clientid":["dj-office"],"level":"info","message":"connected"}
{"Time":"2019-2-4 13:45:35","clientid":"http-waveform","level":"info","message":"connected"}
{"Time":"2019-2-4 13:45:36","clientid":"http-floorplan","level":"info","message":"connected"}
{"Time":"2019-2-4 13:45:47","Location":["dj-office"],"Event":"Low","duration":"0.25s","level":"info","message":"sound event"}
{"Time":"2019-2-4 13:46:09","clientid":["dj-office"],"level":"info","message":"connected"}
{"Time":"2019-2-4 13:46:09","clientid":"http-floorplan","level":"info","message":"connected"}
{"Time":"2019-2-4 13:46:13","clientid":"http-soundlist","level":"info","message":"connected"}
{"Time":"2019-2-4 13:46:13","clientid":"http-waveform","level":"info","message":"connected"}
{"Time":"2019-2-4 13:46:18","Location":["dj-office"],"Event":"Low","duration":"0.25s","level":"info","message":"sound event"}
{"Time":"2019-2-4 13:48:16","clientid":"http-soundlist","level":"info","message":"connected"}
{"Time":"2019-2-4 13:48:16","clientid":"http-floorplan","level":"info","message":"connected"}
{"Time":"2019-2-4 13:48:16","clientid":["dj-office"],"level":"info","message":"connected"}
{"Time":"2019-2-4 13:48:17","clientid":"http-waveform","level":"info","message":"connected"}
{"Time":"2019-2-4 13:48:21","clientid":["dj-office"],"level":"info","message":"disconnected"}
{"Time":"2019-2-4 13:49:05","clientid":"http-waveform","level":"info","message":"connected"}
{"Time":"2019-2-4 13:49:05","clientid":"http-floorplan","level":"info","message":"connected"}
{"Time":"2019-2-4 13:49:06","clientid":"http-soundlist","level":"info","message":"connected"}
{"Time":"2019-2-4 13:49:08","clientid":["dj-office"],"level":"info","message":"connected"}
{"Time":"2019-2-4 13:49:12","clientid":["dj-office"],"level":"info","message":"disconnected"}
{"Time":"2019-2-4 13:49:15","clientid":["dj-office"],"level":"info","message":"connected"}
{"Time":"2019-2-4 13:49:18","clientid":["dj-office"],"level":"info","message":"disconnected"}
{"Time":"2019-2-4 13:49:19","clientid":["dj-office"],"level":"info","message":"connected"}
{"Time":"2019-2-4 13:49:22","clientid":["dj-office"],"level":"info","message":"disconnected"}
{"Time":"2019-2-4 13:49:23","clientid":["dj-office"],"level":"info","message":"connected"}
{"Time":"2019-2-4 13:49:25","clientid":["dj-office"],"level":"info","message":"disconnected"}
{"Time":"2019-2-4 13:50:02","clientid":["dj-office"],"level":"info","message":"connected"}
{"Time":"2019-2-4 13:50:11","clientid":"http-soundlist","level":"info","message":"connected"}
{"Time":"2019-2-4 13:50:11","clientid":"http-floorplan","level":"info","message":"connected"}
{"Time":"2019-2-4 13:50:11","clientid":["dj-office"],"level":"info","message":"connected"}
{"Time":"2019-2-4 13:50:12","clientid":"http-waveform","level":"info","message":"connected"}
{"Time":"2019-2-4 13:50:21","clientid":"http-waveform","level":"info","message":"connected"}
{"Time":"2019-2-4 13:50:21","clientid":"http-soundlist","level":"info","message":"connected"}
{"Time":"2019-2-4 13:50:22","clientid":["dj-office"],"level":"info","message":"connected"}
{"Time":"2019-2-4 13:50:22","clientid":"http-floorplan","level":"info","message":"connected"}
{"Time":"2019-2-4 13:50:31","clientid":"http-soundlist","level":"info","message":"connected"}
{"Time":"2019-2-4 13:50:31","clientid":"http-floorplan","level":"info","message":"connected"}
{"Time":"2019-2-4 13:50:31","clientid":"http-waveform","level":"info","message":"connected"}
{"Time":"2019-2-4 13:50:31","clientid":["dj-office"],"level":"info","message":"connected"}
{"Time":"2019-2-4 13:51:17","clientid":"http-waveform","level":"info","message":"disconnected"}
{"Time":"2019-2-4 13:51:17","clientid":"http-floorplan","level":"info","message":"disconnected"}
{"Time":"2019-2-4 13:51:17","clientid":"http-soundlist","level":"info","message":"disconnected"}
{"Time":"2019-2-4 13:51:23","clientid":["dj-office"],"level":"info","message":"connected"}
{"Time":"2019-2-4 13:56:04","clientid":["dj-office"],"level":"info","message":"disconnected"}
{"Time":"2019-2-4 13:56:05","clientid":["dj-office"],"level":"info","message":"connected"}
{"Time":"2019-2-4 13:56:16","clientid":["dj-office"],"level":"info","message":"disconnected"}
{"Time":"2019-2-4 13:57:02","clientid":["dj-office"],"level":"info","message":"connected"}
{"Time":"2019-2-4 13:57:17","clientid":"http-soundlist","level":"info","message":"connected"}
{"Time":"2019-2-4 13:57:17","clientid":"http-floorplan","level":"info","message":"connected"}
{"Time":"2019-2-4 13:57:17","clientid":"http-waveform","level":"info","message":"connected"}
{"Time":"2019-2-4 13:57:53","clientid":["dj-office"],"level":"info","message":"disconnected"}
{"Time":"2019-2-4 13:57:55","clientid":["dj-office"],"level":"info","message":"connected"}
{"Time":"2019-2-4 14:03:47","Location":["dj-office"],"Event":"Low","duration":"0.25s","level":"info","message":"sound event"}
{"Time":"2019-2-4 14:04:01","Location":["dj-office"],"Event":"Low","duration":"0.25s","level":"info","message":"sound event"}
{"Time":"2019-2-4 14:04:09","Location":["dj-office"],"Event":"Low","duration":"8s","level":"info","message":"sound event"}
{"Time":"2019-2-4 14:06:12","clientid":"http-floorplan","level":"info","message":"connected"}
{"Time":"2019-2-4 14:06:12","clientid":"http-soundlist","level":"info","message":"connected"}
{"Time":"2019-2-4 14:06:12","clientid":"http-waveform","level":"info","message":"connected"}
{"Time":"2019-2-4 14:06:22","clientid":"http-waveform","level":"info","message":"connected"}
{"Time":"2019-2-4 14:06:22","clientid":"http-floorplan","level":"info","message":"connected"}
{"Time":"2019-2-4 14:06:22","clientid":"http-soundlist","level":"info","message":"connected"}
{"Time":"2019-2-4 14:06:28","clientid":"http-soundlist","level":"info","message":"disconnected"}
{"Time":"2019-2-4 14:06:28","clientid":"http-floorplan","level":"info","message":"disconnected"}
{"Time":"2019-2-4 14:06:28","clientid":"http-waveform","level":"info","message":"disconnected"}
{"Time":"2019-2-4 14:06:28","clientid":"http-floorplan","level":"info","message":"connected"}
{"Time":"2019-2-4 14:06:28","clientid":"http-soundlist","level":"info","message":"connected"}
{"Time":"2019-2-4 14:06:28","clientid":"http-waveform","level":"info","message":"connected"}
{"Time":"2019-2-4 14:06:42","clientid":"http-waveform","level":"info","message":"disconnected"}
{"Time":"2019-2-4 14:06:42","clientid":"http-floorplan","level":"info","message":"disconnected"}
{"Time":"2019-2-4 14:06:42","clientid":"http-soundlist","level":"info","message":"disconnected"}
{"Time":"2019-2-4 14:07:57","clientid":"http-soundlist","level":"info","message":"disconnected"}
{"Time":"2019-2-4 14:07:57","clientid":"http-floorplan","level":"info","message":"disconnected"}
{"Time":"2019-2-4 14:07:57","clientid":"http-waveform","level":"info","message":"disconnected"}
{"Time":"2019-2-4 14:08:12","clientid":["dj-office"],"level":"info","message":"disconnected"}
{"Time":"2019-2-4 14:08:12","clientid":"http-waveform","level":"info","message":"disconnected"}
{"Time":"2019-2-4 14:08:12","clientid":"http-floorplan","level":"info","message":"disconnected"}
{"Time":"2019-2-4 14:08:12","clientid":"http-soundlist","level":"info","message":"disconnected"}
{"Time":"2019-2-4 14:08:36","clientid":["dj-office"],"level":"info","message":"connected"}
{"Time":"2019-2-4 14:08:38","clientid":"http-floorplan","level":"info","message":"connected"}
{"Time":"2019-2-4 14:08:38","clientid":"http-soundlist","level":"info","message":"connected"}
{"Time":"2019-2-4 14:08:38","clientid":"http-waveform","level":"info","message":"connected"}
{"Time":"2019-2-4 14:08:38","clientid":"http-soundlist","level":"info","message":"connected"}
{"Time":"2019-2-4 14:08:39","clientid":"http-waveform","level":"info","message":"connected"}
{"Time":"2019-2-4 14:08:39","clientid":"http-floorplan","level":"info","message":"connected"}
{"Time":"2019-2-4 14:10:23","clientid":"http-soundlist","level":"info","message":"disconnected"}
{"Time":"2019-2-4 14:10:23","clientid":"http-floorplan","level":"info","message":"disconnected"}
{"Time":"2019-2-4 14:10:23","clientid":"http-waveform","level":"info","message":"disconnected"}
{"Time":"2019-2-4 15:35:16","Location":["dj-office"],"Event":"Low","duration":"0.5s","level":"info","message":"sound event"}
{"Time":"2019-2-4 15:35:32","clientid":"http-soundlist","level":"info","message":"disconnected"}
{"Time":"2019-2-4 15:35:32","clientid":"http-floorplan","level":"info","message":"disconnected"}
{"Time":"2019-2-4 15:35:32","clientid":"http-waveform","level":"info","message":"disconnected"}
{"Time":"2019-2-4 15:35:44","Location":["dj-office"],"Event":"Low","duration":"0.25s","level":"info","message":"sound event"}
{"Time":"2019-2-4 15:40:24","clientid":"http-soundlist","level":"info","message":"connected"}
{"Time":"2019-2-4 15:40:24","clientid":"http-floorplan","level":"info","message":"connected"}
{"Time":"2019-2-4 15:40:24","clientid":"http-waveform","level":"info","message":"connected"}
{"Time":"2019-2-4 17:51:44","Location":["dj-office"],"Event":"Low","duration":"0.25s","level":"info","message":"sound event"}
